<testsuites id="" name="" tests="144" failures="0" skipped="0" errors="144" time="51.741319">
<testsuite name="flows/calculate-bake.spec.js" timestamp="2026-04-06T01:26:26.910Z" hostname="chromium" tests="3" failures="0" skipped="0" time="0.006" errors="3">
<testcase name="Calculate Bake Flow › should load home page and show calculate option" classname="flows/calculate-bake.spec.js" time="0.002">
<system-out>
<![CDATA[
[[ATTACHMENT|flows-calculate-bake-Calcu-652db-e-and-show-calculate-option-chromium/error-context.md]]
]]>
</system-out>
<error message="browserType.launch: Executable doesn&apos;t exist at /opt/pw-browsers/chromium_headless_shell-1217/chrome-headless-shell-linux64/chrome-headless-shell" type="Error">
<![CDATA[  [chromium] › flows/calculate-bake.spec.js:9:3 › Calculate Bake Flow › should load home page and show calculate option 

    Error: browserType.launch: Executable doesn't exist at /opt/pw-browsers/chromium_headless_shell-1217/chrome-headless-shell-linux64/chrome-headless-shell
    ╔════════════════════════════════════════════════════════════╗
    ║ Looks like Playwright was just installed or updated.       ║
    ║ Please run the following command to download new browsers: ║
    ║                                                            ║
    ║     npx playwright install                                 ║
    ║                                                            ║
    ║ <3 Playwright Team                                         ║
    ╚════════════════════════════════════════════════════════════╝

    Error Context: ../../test-results/flows-calculate-bake-Calcu-652db-e-and-show-calculate-option-chromium/error-context.md
]]>
</error>
</testcase>
<testcase name="Calculate Bake Flow › should validate target time is required" classname="flows/calculate-bake.spec.js" time="0.002">
<system-out>
<![CDATA[
[[ATTACHMENT|flows-calculate-bake-Calcu-ae7f7-ate-target-time-is-required-chromium/error-context.md]]
]]>
</system-out>
<error message="browserType.launch: Executable doesn&apos;t exist at /opt/pw-browsers/chromium_headless_shell-1217/chrome-headless-shell-linux64/chrome-headless-shell" type="Error">
<![CDATA[  [chromium] › flows/calculate-bake.spec.js:16:3 › Calculate Bake Flow › should validate target time is required 

    Error: browserType.launch: Executable doesn't exist at /opt/pw-browsers/chromium_headless_shell-1217/chrome-headless-shell-linux64/chrome-headless-shell
    ╔════════════════════════════════════════════════════════════╗
    ║ Looks like Playwright was just installed or updated.       ║
    ║ Please run the following command to download new browsers: ║
    ║                                                            ║
    ║     npx playwright install                                 ║
    ║                                                            ║
    ║ <3 Playwright Team                                         ║
    ╚════════════════════════════════════════════════════════════╝

    Error Context: ../../test-results/flows-calculate-bake-Calcu-ae7f7-ate-target-time-is-required-chromium/error-context.md
]]>
</error>
</testcase>
<testcase name="Calculate Bake Flow › should generate schedule with valid inputs" classname="flows/calculate-bake.spec.js" time="0.002">
<system-out>
<![CDATA[
[[ATTACHMENT|flows-calculate-bake-Calcu-2e779--schedule-with-valid-inputs-chromium/error-context.md]]
]]>
</system-out>
<error message="browserType.launch: Executable doesn&apos;t exist at /opt/pw-browsers/chromium_headless_shell-1217/chrome-headless-shell-linux64/chrome-headless-shell" type="Error">
<![CDATA[  [chromium] › flows/calculate-bake.spec.js:29:3 › Calculate Bake Flow › should generate schedule with valid inputs 

    Error: browserType.launch: Executable doesn't exist at /opt/pw-browsers/chromium_headless_shell-1217/chrome-headless-shell-linux64/chrome-headless-shell
    ╔════════════════════════════════════════════════════════════╗
    ║ Looks like Playwright was just installed or updated.       ║
    ║ Please run the following command to download new browsers: ║
    ║                                                            ║
    ║     npx playwright install                                 ║
    ║                                                            ║
    ║ <3 Playwright Team                                         ║
    ╚════════════════════════════════════════════════════════════╝

    Error Context: ../../test-results/flows-calculate-bake-Calcu-2e779--schedule-with-valid-inputs-chromium/error-context.md
]]>
</error>
</testcase>
</testsuite>
<testsuite name="flows/error-handling.spec.js" timestamp="2026-04-06T01:26:26.910Z" hostname="chromium" tests="4" failures="0" skipped="0" time="0.008" errors="4">
<testcase name="Error Handling &amp; Bug Fixes › should handle missing template properties gracefully" classname="flows/error-handling.spec.js" time="0.002">
<system-out>
<![CDATA[
[[ATTACHMENT|flows-error-handling-Error-66296-plate-properties-gracefully-chromium/error-context.md]]
]]>
</system-out>
<error message="browserType.launch: Executable doesn&apos;t exist at /opt/pw-browsers/chromium_headless_shell-1217/chrome-headless-shell-linux64/chrome-headless-shell" type="Error">
<![CDATA[  [chromium] › flows/error-handling.spec.js:5:3 › Error Handling & Bug Fixes › should handle missing template properties gracefully 

    Error: browserType.launch: Executable doesn't exist at /opt/pw-browsers/chromium_headless_shell-1217/chrome-headless-shell-linux64/chrome-headless-shell
    ╔════════════════════════════════════════════════════════════╗
    ║ Looks like Playwright was just installed or updated.       ║
    ║ Please run the following command to download new browsers: ║
    ║                                                            ║
    ║     npx playwright install                                 ║
    ║                                                            ║
    ║ <3 Playwright Team                                         ║
    ╚════════════════════════════════════════════════════════════╝

    Error Context: ../../test-results/flows-error-handling-Error-66296-plate-properties-gracefully-chromium/error-context.md
]]>
</error>
</testcase>
<testcase name="Error Handling &amp; Bug Fixes › should handle invalid form inputs without crashing" classname="flows/error-handling.spec.js" time="0.002">
<system-out>
<![CDATA[
[[ATTACHMENT|flows-error-handling-Error-e0d22-orm-inputs-without-crashing-chromium/error-context.md]]
]]>
</system-out>
<error message="browserType.launch: Executable doesn&apos;t exist at /opt/pw-browsers/chromium_headless_shell-1217/chrome-headless-shell-linux64/chrome-headless-shell" type="Error">
<![CDATA[  [chromium] › flows/error-handling.spec.js:22:3 › Error Handling & Bug Fixes › should handle invalid form inputs without crashing 

    Error: browserType.launch: Executable doesn't exist at /opt/pw-browsers/chromium_headless_shell-1217/chrome-headless-shell-linux64/chrome-headless-shell
    ╔════════════════════════════════════════════════════════════╗
    ║ Looks like Playwright was just installed or updated.       ║
    ║ Please run the following command to download new browsers: ║
    ║                                                            ║
    ║     npx playwright install                                 ║
    ║                                                            ║
    ║ <3 Playwright Team                                         ║
    ╚════════════════════════════════════════════════════════════╝

    Error Context: ../../test-results/flows-error-handling-Error-e0d22-orm-inputs-without-crashing-chromium/error-context.md
]]>
</error>
</testcase>
<testcase name="Error Handling &amp; Bug Fixes › should validate type consistency for dates" classname="flows/error-handling.spec.js" time="0.002">
<system-out>
<![CDATA[
[[ATTACHMENT|flows-error-handling-Error-ab308--type-consistency-for-dates-chromium/error-context.md]]
]]>
</system-out>
<error message="browserType.launch: Executable doesn&apos;t exist at /opt/pw-browsers/chromium_headless_shell-1217/chrome-headless-shell-linux64/chrome-headless-shell" type="Error">
<![CDATA[  [chromium] › flows/error-handling.spec.js:39:3 › Error Handling & Bug Fixes › should validate type consistency for dates 

    Error: browserType.launch: Executable doesn't exist at /opt/pw-browsers/chromium_headless_shell-1217/chrome-headless-shell-linux64/chrome-headless-shell
    ╔════════════════════════════════════════════════════════════╗
    ║ Looks like Playwright was just installed or updated.       ║
    ║ Please run the following command to download new browsers: ║
    ║                                                            ║
    ║     npx playwright install                                 ║
    ║                                                            ║
    ║ <3 Playwright Team                                         ║
    ╚════════════════════════════════════════════════════════════╝

    Error Context: ../../test-results/flows-error-handling-Error-ab308--type-consistency-for-dates-chromium/error-context.md
]]>
</error>
</testcase>
<testcase name="Error Handling &amp; Bug Fixes › should provide user-friendly error messages" classname="flows/error-handling.spec.js" time="0.002">
<system-out>
<![CDATA[
[[ATTACHMENT|flows-error-handling-Error-c6283-ser-friendly-error-messages-chromium/error-context.md]]
]]>
</system-out>
<error message="browserType.launch: Executable doesn&apos;t exist at /opt/pw-browsers/chromium_headless_shell-1217/chrome-headless-shell-linux64/chrome-headless-shell" type="Error">
<![CDATA[  [chromium] › flows/error-handling.spec.js:60:3 › Error Handling & Bug Fixes › should provide user-friendly error messages 

    Error: browserType.launch: Executable doesn't exist at /opt/pw-browsers/chromium_headless_shell-1217/chrome-headless-shell-linux64/chrome-headless-shell
    ╔════════════════════════════════════════════════════════════╗
    ║ Looks like Playwright was just installed or updated.       ║
    ║ Please run the following command to download new browsers: ║
    ║                                                            ║
    ║     npx playwright install                                 ║
    ║                                                            ║
    ║ <3 Playwright Team                                         ║
    ╚════════════════════════════════════════════════════════════╝

    Error Context: ../../test-results/flows-error-handling-Error-c6283-ser-friendly-error-messages-chromium/error-context.md
]]>
</error>
</testcase>
</testsuite>
<testsuite name="flows/join-existing-bake.spec.js" timestamp="2026-04-06T01:26:26.910Z" hostname="chromium" tests="5" failures="0" skipped="0" time="0.01" errors="5">
<testcase name="Join Existing Bake Flow › should navigate to join existing bake page" classname="flows/join-existing-bake.spec.js" time="0.002">
<system-out>
<![CDATA[
[[ATTACHMENT|flows-join-existing-bake-J-e96d2--to-join-existing-bake-page-chromium/error-context.md]]
]]>
</system-out>
<error message="browserType.launch: Executable doesn&apos;t exist at /opt/pw-browsers/chromium_headless_shell-1217/chrome-headless-shell-linux64/chrome-headless-shell" type="Error">
<![CDATA[  [chromium] › flows/join-existing-bake.spec.js:9:3 › Join Existing Bake Flow › should navigate to join existing bake page 

    Error: browserType.launch: Executable doesn't exist at /opt/pw-browsers/chromium_headless_shell-1217/chrome-headless-shell-linux64/chrome-headless-shell
    ╔════════════════════════════════════════════════════════════╗
    ║ Looks like Playwright was just installed or updated.       ║
    ║ Please run the following command to download new browsers: ║
    ║                                                            ║
    ║     npx playwright install                                 ║
    ║                                                            ║
    ║ <3 Playwright Team                                         ║
    ╚════════════════════════════════════════════════════════════╝

    Error Context: ../../test-results/flows-join-existing-bake-J-e96d2--to-join-existing-bake-page-chromium/error-context.md
]]>
</error>
</testcase>
<testcase name="Join Existing Bake Flow › Step 4: StepChecklist should render checkboxes, not JavaScript code" classname="flows/join-existing-bake.spec.js" time="0.002">
<system-out>
<![CDATA[
[[ATTACHMENT|flows-join-existing-bake-J-3cd2d-ckboxes-not-JavaScript-code-chromium/error-context.md]]
]]>
</system-out>
<error message="browserType.launch: Executable doesn&apos;t exist at /opt/pw-browsers/chromium_headless_shell-1217/chrome-headless-shell-linux64/chrome-headless-shell" type="Error">
<![CDATA[  [chromium] › flows/join-existing-bake.spec.js:20:3 › Join Existing Bake Flow › Step 4: StepChecklist should render checkboxes, not JavaScript code 

    Error: browserType.launch: Executable doesn't exist at /opt/pw-browsers/chromium_headless_shell-1217/chrome-headless-shell-linux64/chrome-headless-shell
    ╔════════════════════════════════════════════════════════════╗
    ║ Looks like Playwright was just installed or updated.       ║
    ║ Please run the following command to download new browsers: ║
    ║                                                            ║
    ║     npx playwright install                                 ║
    ║                                                            ║
    ║ <3 Playwright Team                                         ║
    ╚════════════════════════════════════════════════════════════╝

    Error Context: ../../test-results/flows-join-existing-bake-J-3cd2d-ckboxes-not-JavaScript-code-chromium/error-context.md
]]>
</error>
</testcase>
<testcase name="Join Existing Bake Flow › should show validation errors for incomplete form" classname="flows/join-existing-bake.spec.js" time="0.002">
<system-out>
<![CDATA[
[[ATTACHMENT|flows-join-existing-bake-J-26b81--errors-for-incomplete-form-chromium/error-context.md]]
]]>
</system-out>
<error message="browserType.launch: Executable doesn&apos;t exist at /opt/pw-browsers/chromium_headless_shell-1217/chrome-headless-shell-linux64/chrome-headless-shell" type="Error">
<![CDATA[  [chromium] › flows/join-existing-bake.spec.js:57:3 › Join Existing Bake Flow › should show validation errors for incomplete form 

    Error: browserType.launch: Executable doesn't exist at /opt/pw-browsers/chromium_headless_shell-1217/chrome-headless-shell-linux64/chrome-headless-shell
    ╔════════════════════════════════════════════════════════════╗
    ║ Looks like Playwright was just installed or updated.       ║
    ║ Please run the following command to download new browsers: ║
    ║                                                            ║
    ║     npx playwright install                                 ║
    ║                                                            ║
    ║ <3 Playwright Team                                         ║
    ╚════════════════════════════════════════════════════════════╝

    Error Context: ../../test-results/flows-join-existing-bake-J-26b81--errors-for-incomplete-form-chromium/error-context.md
]]>
</error>
</testcase>
<testcase name="Join Existing Bake Flow › Step 7: Should submit successfully with all fields filled" classname="flows/join-existing-bake.spec.js" time="0.002">
<system-out>
<![CDATA[
[[ATTACHMENT|flows-join-existing-bake-J-17bc9-ully-with-all-fields-filled-chromium/error-context.md]]
]]>
</system-out>
<error message="browserType.launch: Executable doesn&apos;t exist at /opt/pw-browsers/chromium_headless_shell-1217/chrome-headless-shell-linux64/chrome-headless-shell" type="Error">
<![CDATA[  [chromium] › flows/join-existing-bake.spec.js:77:3 › Join Existing Bake Flow › Step 7: Should submit successfully with all fields filled 

    Error: browserType.launch: Executable doesn't exist at /opt/pw-browsers/chromium_headless_shell-1217/chrome-headless-shell-linux64/chrome-headless-shell
    ╔════════════════════════════════════════════════════════════╗
    ║ Looks like Playwright was just installed or updated.       ║
    ║ Please run the following command to download new browsers: ║
    ║                                                            ║
    ║     npx playwright install                                 ║
    ║                                                            ║
    ║ <3 Playwright Team                                         ║
    ╚════════════════════════════════════════════════════════════╝

    Error Context: ../../test-results/flows-join-existing-bake-J-17bc9-ully-with-all-fields-filled-chromium/error-context.md
]]>
</error>
</testcase>
<testcase name="Join Existing Bake Flow › should show error message if submission fails" classname="flows/join-existing-bake.spec.js" time="0.002">
<system-out>
<![CDATA[
[[ATTACHMENT|flows-join-existing-bake-J-6ef24-message-if-submission-fails-chromium/error-context.md]]
]]>
</system-out>
<error message="browserType.launch: Executable doesn&apos;t exist at /opt/pw-browsers/chromium_headless_shell-1217/chrome-headless-shell-linux64/chrome-headless-shell" type="Error">
<![CDATA[  [chromium] › flows/join-existing-bake.spec.js:132:3 › Join Existing Bake Flow › should show error message if submission fails 

    Error: browserType.launch: Executable doesn't exist at /opt/pw-browsers/chromium_headless_shell-1217/chrome-headless-shell-linux64/chrome-headless-shell
    ╔════════════════════════════════════════════════════════════╗
    ║ Looks like Playwright was just installed or updated.       ║
    ║ Please run the following command to download new browsers: ║
    ║                                                            ║
    ║     npx playwright install                                 ║
    ║                                                            ║
    ║ <3 Playwright Team                                         ║
    ╚════════════════════════════════════════════════════════════╝

    Error Context: ../../test-results/flows-join-existing-bake-J-6ef24-message-if-submission-fails-chromium/error-context.md
]]>
</error>
</testcase>
</testsuite>
<testsuite name="flows/templates.spec.js" timestamp="2026-04-06T01:26:26.910Z" hostname="chromium" tests="2" failures="0" skipped="0" time="0.004" errors="2">
<testcase name="Template Management › should load templates view" classname="flows/templates.spec.js" time="0.002">
<system-out>
<![CDATA[
[[ATTACHMENT|flows-templates-Template-M-f8113--should-load-templates-view-chromium/error-context.md]]
]]>
</system-out>
<error message="browserType.launch: Executable doesn&apos;t exist at /opt/pw-browsers/chromium_headless_shell-1217/chrome-headless-shell-linux64/chrome-headless-shell" type="Error">
<![CDATA[  [chromium] › flows/templates.spec.js:5:3 › Template Management › should load templates view ──────

    Error: browserType.launch: Executable doesn't exist at /opt/pw-browsers/chromium_headless_shell-1217/chrome-headless-shell-linux64/chrome-headless-shell
    ╔════════════════════════════════════════════════════════════╗
    ║ Looks like Playwright was just installed or updated.       ║
    ║ Please run the following command to download new browsers: ║
    ║                                                            ║
    ║     npx playwright install                                 ║
    ║                                                            ║
    ║ <3 Playwright Team                                         ║
    ╚════════════════════════════════════════════════════════════╝

    Error Context: ../../test-results/flows-templates-Template-M-f8113--should-load-templates-view-chromium/error-context.md
]]>
</error>
</testcase>
<testcase name="Template Management › should display available templates" classname="flows/templates.spec.js" time="0.002">
<system-out>
<![CDATA[
[[ATTACHMENT|flows-templates-Template-M-81888-display-available-templates-chromium/error-context.md]]
]]>
</system-out>
<error message="browserType.launch: Executable doesn&apos;t exist at /opt/pw-browsers/chromium_headless_shell-1217/chrome-headless-shell-linux64/chrome-headless-shell" type="Error">
<![CDATA[  [chromium] › flows/templates.spec.js:13:3 › Template Management › should display available templates 

    Error: browserType.launch: Executable doesn't exist at /opt/pw-browsers/chromium_headless_shell-1217/chrome-headless-shell-linux64/chrome-headless-shell
    ╔════════════════════════════════════════════════════════════╗
    ║ Looks like Playwright was just installed or updated.       ║
    ║ Please run the following command to download new browsers: ║
    ║                                                            ║
    ║     npx playwright install                                 ║
    ║                                                            ║
    ║ <3 Playwright Team                                         ║
    ╚════════════════════════════════════════════════════════════╝

    Error Context: ../../test-results/flows-templates-Template-M-81888-display-available-templates-chromium/error-context.md
]]>
</error>
</testcase>
</testsuite>
<testsuite name="flows/tracker.spec.js" timestamp="2026-04-06T01:26:26.910Z" hostname="chromium" tests="3" failures="0" skipped="0" time="0.006" errors="3">
<testcase name="Tracker View › should load tracker page" classname="flows/tracker.spec.js" time="0.002">
<system-out>
<![CDATA[
[[ATTACHMENT|flows-tracker-Tracker-View-should-load-tracker-page-chromium/error-context.md]]
]]>
</system-out>
<error message="browserType.launch: Executable doesn&apos;t exist at /opt/pw-browsers/chromium_headless_shell-1217/chrome-headless-shell-linux64/chrome-headless-shell" type="Error">
<![CDATA[  [chromium] › flows/tracker.spec.js:5:3 › Tracker View › should load tracker page ─────────────────

    Error: browserType.launch: Executable doesn't exist at /opt/pw-browsers/chromium_headless_shell-1217/chrome-headless-shell-linux64/chrome-headless-shell
    ╔════════════════════════════════════════════════════════════╗
    ║ Looks like Playwright was just installed or updated.       ║
    ║ Please run the following command to download new browsers: ║
    ║                                                            ║
    ║     npx playwright install                                 ║
    ║                                                            ║
    ║ <3 Playwright Team                                         ║
    ╚════════════════════════════════════════════════════════════╝

    Error Context: ../../test-results/flows-tracker-Tracker-View-should-load-tracker-page-chromium/error-context.md
]]>
</error>
</testcase>
<testcase name="Tracker View › should display schedule timeline with steps" classname="flows/tracker.spec.js" time="0.002">
<system-out>
<![CDATA[
[[ATTACHMENT|flows-tracker-Tracker-View-7e1d3-chedule-timeline-with-steps-chromium/error-context.md]]
]]>
</system-out>
<error message="browserType.launch: Executable doesn&apos;t exist at /opt/pw-browsers/chromium_headless_shell-1217/chrome-headless-shell-linux64/chrome-headless-shell" type="Error">
<![CDATA[  [chromium] › flows/tracker.spec.js:13:3 › Tracker View › should display schedule timeline with steps 

    Error: browserType.launch: Executable doesn't exist at /opt/pw-browsers/chromium_headless_shell-1217/chrome-headless-shell-linux64/chrome-headless-shell
    ╔════════════════════════════════════════════════════════════╗
    ║ Looks like Playwright was just installed or updated.       ║
    ║ Please run the following command to download new browsers: ║
    ║                                                            ║
    ║     npx playwright install                                 ║
    ║                                                            ║
    ║ <3 Playwright Team                                         ║
    ╚════════════════════════════════════════════════════════════╝

    Error Context: ../../test-results/flows-tracker-Tracker-View-7e1d3-chedule-timeline-with-steps-chromium/error-context.md
]]>
</error>
</testcase>
<testcase name="Tracker View › should show current step information" classname="flows/tracker.spec.js" time="0.002">
<system-out>
<![CDATA[
[[ATTACHMENT|flows-tracker-Tracker-View-2cc5c-ow-current-step-information-chromium/error-context.md]]
]]>
</system-out>
<error message="browserType.launch: Executable doesn&apos;t exist at /opt/pw-browsers/chromium_headless_shell-1217/chrome-headless-shell-linux64/chrome-headless-shell" type="Error">
<![CDATA[  [chromium] › flows/tracker.spec.js:24:3 › Tracker View › should show current step information ────

    Error: browserType.launch: Executable doesn't exist at /opt/pw-browsers/chromium_headless_shell-1217/chrome-headless-shell-linux64/chrome-headless-shell
    ╔════════════════════════════════════════════════════════════╗
    ║ Looks like Playwright was just installed or updated.       ║
    ║ Please run the following command to download new browsers: ║
    ║                                                            ║
    ║     npx playwright install                                 ║
    ║                                                            ║
    ║ <3 Playwright Team                                         ║
    ╚════════════════════════════════════════════════════════════╝

    Error Context: ../../test-results/flows-tracker-Tracker-View-2cc5c-ow-current-step-information-chromium/error-context.md
]]>
</error>
</testcase>
</testsuite>
<testsuite name="mobile/accessibility-mobile.spec.js" timestamp="2026-04-06T01:26:26.910Z" hostname="chromium" tests="6" failures="0" skipped="0" time="0.014" errors="6">
<testcase name="Mobile: Accessibility (WCAG AA) › should have sufficient color contrast on mobile" classname="mobile/accessibility-mobile.spec.js" time="0.002">
<system-out>
<![CDATA[
[[ATTACHMENT|mobile-accessibility-mobil-ac729-nt-color-contrast-on-mobile-chromium/error-context.md]]
]]>
</system-out>
<error message="browserType.launch: Executable doesn&apos;t exist at /opt/pw-browsers/chromium_headless_shell-1217/chrome-headless-shell-linux64/chrome-headless-shell" type="Error">
<![CDATA[  [chromium] › mobile/accessibility-mobile.spec.js:5:3 › Mobile: Accessibility (WCAG AA) › should have sufficient color contrast on mobile 

    Error: browserType.launch: Executable doesn't exist at /opt/pw-browsers/chromium_headless_shell-1217/chrome-headless-shell-linux64/chrome-headless-shell
    ╔════════════════════════════════════════════════════════════╗
    ║ Looks like Playwright was just installed or updated.       ║
    ║ Please run the following command to download new browsers: ║
    ║                                                            ║
    ║     npx playwright install                                 ║
    ║                                                            ║
    ║ <3 Playwright Team                                         ║
    ╚════════════════════════════════════════════════════════════╝

    Error Context: ../../test-results/mobile-accessibility-mobil-ac729-nt-color-contrast-on-mobile-chromium/error-context.md
]]>
</error>
</testcase>
<testcase name="Mobile: Accessibility (WCAG AA) › should have visible focus indicators" classname="mobile/accessibility-mobile.spec.js" time="0.002">
<system-out>
<![CDATA[
[[ATTACHMENT|mobile-accessibility-mobil-f28e3-ve-visible-focus-indicators-chromium/error-context.md]]
]]>
</system-out>
<error message="browserType.launch: Executable doesn&apos;t exist at /opt/pw-browsers/chromium_headless_shell-1217/chrome-headless-shell-linux64/chrome-headless-shell" type="Error">
<![CDATA[  [chromium] › mobile/accessibility-mobile.spec.js:20:3 › Mobile: Accessibility (WCAG AA) › should have visible focus indicators 

    Error: browserType.launch: Executable doesn't exist at /opt/pw-browsers/chromium_headless_shell-1217/chrome-headless-shell-linux64/chrome-headless-shell
    ╔════════════════════════════════════════════════════════════╗
    ║ Looks like Playwright was just installed or updated.       ║
    ║ Please run the following command to download new browsers: ║
    ║                                                            ║
    ║     npx playwright install                                 ║
    ║                                                            ║
    ║ <3 Playwright Team                                         ║
    ╚════════════════════════════════════════════════════════════╝

    Error Context: ../../test-results/mobile-accessibility-mobil-f28e3-ve-visible-focus-indicators-chromium/error-context.md
]]>
</error>
</testcase>
<testcase name="Mobile: Accessibility (WCAG AA) › should support keyboard navigation on mobile" classname="mobile/accessibility-mobile.spec.js" time="0.003">
<system-out>
<![CDATA[
[[ATTACHMENT|mobile-accessibility-mobil-396bc-yboard-navigation-on-mobile-chromium/error-context.md]]
]]>
</system-out>
<error message="browserType.launch: Executable doesn&apos;t exist at /opt/pw-browsers/chromium_headless_shell-1217/chrome-headless-shell-linux64/chrome-headless-shell" type="Error">
<![CDATA[  [chromium] › mobile/accessibility-mobile.spec.js:52:3 › Mobile: Accessibility (WCAG AA) › should support keyboard navigation on mobile 

    Error: browserType.launch: Executable doesn't exist at /opt/pw-browsers/chromium_headless_shell-1217/chrome-headless-shell-linux64/chrome-headless-shell
    ╔════════════════════════════════════════════════════════════╗
    ║ Looks like Playwright was just installed or updated.       ║
    ║ Please run the following command to download new browsers: ║
    ║                                                            ║
    ║     npx playwright install                                 ║
    ║                                                            ║
    ║ <3 Playwright Team                                         ║
    ╚════════════════════════════════════════════════════════════╝

    Error Context: ../../test-results/mobile-accessibility-mobil-396bc-yboard-navigation-on-mobile-chromium/error-context.md
]]>
</error>
</testcase>
<testcase name="Mobile: Accessibility (WCAG AA) › should have proper ARIA labels on interactive elements" classname="mobile/accessibility-mobile.spec.js" time="0.002">
<system-out>
<![CDATA[
[[ATTACHMENT|mobile-accessibility-mobil-14d56-els-on-interactive-elements-chromium/error-context.md]]
]]>
</system-out>
<error message="browserType.launch: Executable doesn&apos;t exist at /opt/pw-browsers/chromium_headless_shell-1217/chrome-headless-shell-linux64/chrome-headless-shell" type="Error">
<![CDATA[  [chromium] › mobile/accessibility-mobile.spec.js:71:3 › Mobile: Accessibility (WCAG AA) › should have proper ARIA labels on interactive elements 

    Error: browserType.launch: Executable doesn't exist at /opt/pw-browsers/chromium_headless_shell-1217/chrome-headless-shell-linux64/chrome-headless-shell
    ╔════════════════════════════════════════════════════════════╗
    ║ Looks like Playwright was just installed or updated.       ║
    ║ Please run the following command to download new browsers: ║
    ║                                                            ║
    ║     npx playwright install                                 ║
    ║                                                            ║
    ║ <3 Playwright Team                                         ║
    ╚════════════════════════════════════════════════════════════╝

    Error Context: ../../test-results/mobile-accessibility-mobil-14d56-els-on-interactive-elements-chromium/error-context.md
]]>
</error>
</testcase>
<testcase name="Mobile: Accessibility (WCAG AA) › should have semantic HTML structure" classname="mobile/accessibility-mobile.spec.js" time="0.003">
<system-out>
<![CDATA[
[[ATTACHMENT|mobile-accessibility-mobil-47578-ave-semantic-HTML-structure-chromium/error-context.md]]
]]>
</system-out>
<error message="browserType.launch: Executable doesn&apos;t exist at /opt/pw-browsers/chromium_headless_shell-1217/chrome-headless-shell-linux64/chrome-headless-shell" type="Error">
<![CDATA[  [chromium] › mobile/accessibility-mobile.spec.js:93:3 › Mobile: Accessibility (WCAG AA) › should have semantic HTML structure 

    Error: browserType.launch: Executable doesn't exist at /opt/pw-browsers/chromium_headless_shell-1217/chrome-headless-shell-linux64/chrome-headless-shell
    ╔════════════════════════════════════════════════════════════╗
    ║ Looks like Playwright was just installed or updated.       ║
    ║ Please run the following command to download new browsers: ║
    ║                                                            ║
    ║     npx playwright install                                 ║
    ║                                                            ║
    ║ <3 Playwright Team                                         ║
    ╚════════════════════════════════════════════════════════════╝

    Error Context: ../../test-results/mobile-accessibility-mobil-47578-ave-semantic-HTML-structure-chromium/error-context.md
]]>
</error>
</testcase>
<testcase name="Mobile: Accessibility (WCAG AA) › should handle zoom without breaking on mobile" classname="mobile/accessibility-mobile.spec.js" time="0.002">
<system-out>
<![CDATA[
[[ATTACHMENT|mobile-accessibility-mobil-9744b--without-breaking-on-mobile-chromium/error-context.md]]
]]>
</system-out>
<error message="browserType.launch: Executable doesn&apos;t exist at /opt/pw-browsers/chromium_headless_shell-1217/chrome-headless-shell-linux64/chrome-headless-shell" type="Error">
<![CDATA[  [chromium] › mobile/accessibility-mobile.spec.js:121:3 › Mobile: Accessibility (WCAG AA) › should handle zoom without breaking on mobile 

    Error: browserType.launch: Executable doesn't exist at /opt/pw-browsers/chromium_headless_shell-1217/chrome-headless-shell-linux64/chrome-headless-shell
    ╔════════════════════════════════════════════════════════════╗
    ║ Looks like Playwright was just installed or updated.       ║
    ║ Please run the following command to download new browsers: ║
    ║                                                            ║
    ║     npx playwright install                                 ║
    ║                                                            ║
    ║ <3 Playwright Team                                         ║
    ╚════════════════════════════════════════════════════════════╝

    Error Context: ../../test-results/mobile-accessibility-mobil-9744b--without-breaking-on-mobile-chromium/error-context.md
]]>
</error>
</testcase>
</testsuite>
<testsuite name="mobile/mobile-viewport.spec.js" timestamp="2026-04-06T01:26:26.910Z" hostname="chromium" tests="6" failures="0" skipped="0" time="0.012" errors="6">
<testcase name="Mobile: Viewport &amp; Responsiveness › should be responsive on iPhone 12" classname="mobile/mobile-viewport.spec.js" time="0.002">
<system-out>
<![CDATA[
[[ATTACHMENT|mobile-mobile-viewport-Mob-82a5a--be-responsive-on-iPhone-12-chromium/error-context.md]]
]]>
</system-out>
<error message="browserType.launch: Executable doesn&apos;t exist at /opt/pw-browsers/chromium_headless_shell-1217/chrome-headless-shell-linux64/chrome-headless-shell" type="Error">
<![CDATA[  [chromium] › mobile/mobile-viewport.spec.js:4:3 › Mobile: Viewport & Responsiveness › should be responsive on iPhone 12 

    Error: browserType.launch: Executable doesn't exist at /opt/pw-browsers/chromium_headless_shell-1217/chrome-headless-shell-linux64/chrome-headless-shell
    ╔════════════════════════════════════════════════════════════╗
    ║ Looks like Playwright was just installed or updated.       ║
    ║ Please run the following command to download new browsers: ║
    ║                                                            ║
    ║     npx playwright install                                 ║
    ║                                                            ║
    ║ <3 Playwright Team                                         ║
    ╚════════════════════════════════════════════════════════════╝

    Error Context: ../../test-results/mobile-mobile-viewport-Mob-82a5a--be-responsive-on-iPhone-12-chromium/error-context.md
]]>
</error>
</testcase>
<testcase name="Mobile: Viewport &amp; Responsiveness › should be responsive on Pixel 5" classname="mobile/mobile-viewport.spec.js" time="0.002">
<system-out>
<![CDATA[
[[ATTACHMENT|mobile-mobile-viewport-Mob-acb07-ld-be-responsive-on-Pixel-5-chromium/error-context.md]]
]]>
</system-out>
<error message="browserType.launch: Executable doesn&apos;t exist at /opt/pw-browsers/chromium_headless_shell-1217/chrome-headless-shell-linux64/chrome-headless-shell" type="Error">
<![CDATA[  [chromium] › mobile/mobile-viewport.spec.js:13:3 › Mobile: Viewport & Responsiveness › should be responsive on Pixel 5 

    Error: browserType.launch: Executable doesn't exist at /opt/pw-browsers/chromium_headless_shell-1217/chrome-headless-shell-linux64/chrome-headless-shell
    ╔════════════════════════════════════════════════════════════╗
    ║ Looks like Playwright was just installed or updated.       ║
    ║ Please run the following command to download new browsers: ║
    ║                                                            ║
    ║     npx playwright install                                 ║
    ║                                                            ║
    ║ <3 Playwright Team                                         ║
    ╚════════════════════════════════════════════════════════════╝

    Error Context: ../../test-results/mobile-mobile-viewport-Mob-acb07-ld-be-responsive-on-Pixel-5-chromium/error-context.md
]]>
</error>
</testcase>
<testcase name="Mobile: Viewport &amp; Responsiveness › should have readable text on mobile (16px minimum)" classname="mobile/mobile-viewport.spec.js" time="0.002">
<system-out>
<![CDATA[
[[ATTACHMENT|mobile-mobile-viewport-Mob-d29dd-ext-on-mobile-16px-minimum--chromium/error-context.md]]
]]>
</system-out>
<error message="browserType.launch: Executable doesn&apos;t exist at /opt/pw-browsers/chromium_headless_shell-1217/chrome-headless-shell-linux64/chrome-headless-shell" type="Error">
<![CDATA[  [chromium] › mobile/mobile-viewport.spec.js:21:3 › Mobile: Viewport & Responsiveness › should have readable text on mobile (16px minimum) 

    Error: browserType.launch: Executable doesn't exist at /opt/pw-browsers/chromium_headless_shell-1217/chrome-headless-shell-linux64/chrome-headless-shell
    ╔════════════════════════════════════════════════════════════╗
    ║ Looks like Playwright was just installed or updated.       ║
    ║ Please run the following command to download new browsers: ║
    ║                                                            ║
    ║     npx playwright install                                 ║
    ║                                                            ║
    ║ <3 Playwright Team                                         ║
    ╚════════════════════════════════════════════════════════════╝

    Error Context: ../../test-results/mobile-mobile-viewport-Mob-d29dd-ext-on-mobile-16px-minimum--chromium/error-context.md
]]>
</error>
</testcase>
<testcase name="Mobile: Viewport &amp; Responsiveness › should not have horizontal scroll on narrow viewport" classname="mobile/mobile-viewport.spec.js" time="0.002">
<system-out>
<![CDATA[
[[ATTACHMENT|mobile-mobile-viewport-Mob-10a74-l-scroll-on-narrow-viewport-chromium/error-context.md]]
]]>
</system-out>
<error message="browserType.launch: Executable doesn&apos;t exist at /opt/pw-browsers/chromium_headless_shell-1217/chrome-headless-shell-linux64/chrome-headless-shell" type="Error">
<![CDATA[  [chromium] › mobile/mobile-viewport.spec.js:40:3 › Mobile: Viewport & Responsiveness › should not have horizontal scroll on narrow viewport 

    Error: browserType.launch: Executable doesn't exist at /opt/pw-browsers/chromium_headless_shell-1217/chrome-headless-shell-linux64/chrome-headless-shell
    ╔════════════════════════════════════════════════════════════╗
    ║ Looks like Playwright was just installed or updated.       ║
    ║ Please run the following command to download new browsers: ║
    ║                                                            ║
    ║     npx playwright install                                 ║
    ║                                                            ║
    ║ <3 Playwright Team                                         ║
    ╚════════════════════════════════════════════════════════════╝

    Error Context: ../../test-results/mobile-mobile-viewport-Mob-10a74-l-scroll-on-narrow-viewport-chromium/error-context.md
]]>
</error>
</testcase>
<testcase name="Mobile: Viewport &amp; Responsiveness › should have proper spacing on mobile" classname="mobile/mobile-viewport.spec.js" time="0.002">
<system-out>
<![CDATA[
[[ATTACHMENT|mobile-mobile-viewport-Mob-e06ad-ve-proper-spacing-on-mobile-chromium/error-context.md]]
]]>
</system-out>
<error message="browserType.launch: Executable doesn&apos;t exist at /opt/pw-browsers/chromium_headless_shell-1217/chrome-headless-shell-linux64/chrome-headless-shell" type="Error">
<![CDATA[  [chromium] › mobile/mobile-viewport.spec.js:59:3 › Mobile: Viewport & Responsiveness › should have proper spacing on mobile 

    Error: browserType.launch: Executable doesn't exist at /opt/pw-browsers/chromium_headless_shell-1217/chrome-headless-shell-linux64/chrome-headless-shell
    ╔════════════════════════════════════════════════════════════╗
    ║ Looks like Playwright was just installed or updated.       ║
    ║ Please run the following command to download new browsers: ║
    ║                                                            ║
    ║     npx playwright install                                 ║
    ║                                                            ║
    ║ <3 Playwright Team                                         ║
    ╚════════════════════════════════════════════════════════════╝

    Error Context: ../../test-results/mobile-mobile-viewport-Mob-e06ad-ve-proper-spacing-on-mobile-chromium/error-context.md
]]>
</error>
</testcase>
<testcase name="Mobile: Viewport &amp; Responsiveness › should handle large text (accessibility) without breaking layout" classname="mobile/mobile-viewport.spec.js" time="0.002">
<system-out>
<![CDATA[
[[ATTACHMENT|mobile-mobile-viewport-Mob-4f247-ity-without-breaking-layout-chromium/error-context.md]]
]]>
</system-out>
<error message="browserType.launch: Executable doesn&apos;t exist at /opt/pw-browsers/chromium_headless_shell-1217/chrome-headless-shell-linux64/chrome-headless-shell" type="Error">
<![CDATA[  [chromium] › mobile/mobile-viewport.spec.js:83:3 › Mobile: Viewport & Responsiveness › should handle large text (accessibility) without breaking layout 

    Error: browserType.launch: Executable doesn't exist at /opt/pw-browsers/chromium_headless_shell-1217/chrome-headless-shell-linux64/chrome-headless-shell
    ╔════════════════════════════════════════════════════════════╗
    ║ Looks like Playwright was just installed or updated.       ║
    ║ Please run the following command to download new browsers: ║
    ║                                                            ║
    ║     npx playwright install                                 ║
    ║                                                            ║
    ║ <3 Playwright Team                                         ║
    ╚════════════════════════════════════════════════════════════╝

    Error Context: ../../test-results/mobile-mobile-viewport-Mob-4f247-ity-without-breaking-layout-chromium/error-context.md
]]>
</error>
</testcase>
</testsuite>
<testsuite name="mobile/touch-interactions.spec.js" timestamp="2026-04-06T01:26:26.910Z" hostname="chromium" tests="5" failures="0" skipped="0" time="0.01" errors="5">
<testcase name="Mobile: Touch Interactions › should have properly sized touch targets (44px minimum)" classname="mobile/touch-interactions.spec.js" time="0.002">
<system-out>
<![CDATA[
[[ATTACHMENT|mobile-touch-interactions--660d7-touch-targets-44px-minimum--chromium/error-context.md]]
]]>
</system-out>
<error message="browserType.launch: Executable doesn&apos;t exist at /opt/pw-browsers/chromium_headless_shell-1217/chrome-headless-shell-linux64/chrome-headless-shell" type="Error">
<![CDATA[  [chromium] › mobile/touch-interactions.spec.js:7:3 › Mobile: Touch Interactions › should have properly sized touch targets (44px minimum) 

    Error: browserType.launch: Executable doesn't exist at /opt/pw-browsers/chromium_headless_shell-1217/chrome-headless-shell-linux64/chrome-headless-shell
    ╔════════════════════════════════════════════════════════════╗
    ║ Looks like Playwright was just installed or updated.       ║
    ║ Please run the following command to download new browsers: ║
    ║                                                            ║
    ║     npx playwright install                                 ║
    ║                                                            ║
    ║ <3 Playwright Team                                         ║
    ╚════════════════════════════════════════════════════════════╝

    Error Context: ../../test-results/mobile-touch-interactions--660d7-touch-targets-44px-minimum--chromium/error-context.md
]]>
</error>
</testcase>
<testcase name="Mobile: Touch Interactions › should support tapping buttons on mobile" classname="mobile/touch-interactions.spec.js" time="0.002">
<system-out>
<![CDATA[
[[ATTACHMENT|mobile-touch-interactions--a8248-t-tapping-buttons-on-mobile-chromium/error-context.md]]
]]>
</system-out>
<error message="browserType.launch: Executable doesn&apos;t exist at /opt/pw-browsers/chromium_headless_shell-1217/chrome-headless-shell-linux64/chrome-headless-shell" type="Error">
<![CDATA[  [chromium] › mobile/touch-interactions.spec.js:29:3 › Mobile: Touch Interactions › should support tapping buttons on mobile 

    Error: browserType.launch: Executable doesn't exist at /opt/pw-browsers/chromium_headless_shell-1217/chrome-headless-shell-linux64/chrome-headless-shell
    ╔════════════════════════════════════════════════════════════╗
    ║ Looks like Playwright was just installed or updated.       ║
    ║ Please run the following command to download new browsers: ║
    ║                                                            ║
    ║     npx playwright install                                 ║
    ║                                                            ║
    ║ <3 Playwright Team                                         ║
    ╚════════════════════════════════════════════════════════════╝

    Error Context: ../../test-results/mobile-touch-interactions--a8248-t-tapping-buttons-on-mobile-chromium/error-context.md
]]>
</error>
</testcase>
<testcase name="Mobile: Touch Interactions › should allow scrolling on mobile" classname="mobile/touch-interactions.spec.js" time="0.002">
<system-out>
<![CDATA[
[[ATTACHMENT|mobile-touch-interactions--17f2e-d-allow-scrolling-on-mobile-chromium/error-context.md]]
]]>
</system-out>
<error message="browserType.launch: Executable doesn&apos;t exist at /opt/pw-browsers/chromium_headless_shell-1217/chrome-headless-shell-linux64/chrome-headless-shell" type="Error">
<![CDATA[  [chromium] › mobile/touch-interactions.spec.js:49:3 › Mobile: Touch Interactions › should allow scrolling on mobile 

    Error: browserType.launch: Executable doesn't exist at /opt/pw-browsers/chromium_headless_shell-1217/chrome-headless-shell-linux64/chrome-headless-shell
    ╔════════════════════════════════════════════════════════════╗
    ║ Looks like Playwright was just installed or updated.       ║
    ║ Please run the following command to download new browsers: ║
    ║                                                            ║
    ║     npx playwright install                                 ║
    ║                                                            ║
    ║ <3 Playwright Team                                         ║
    ╚════════════════════════════════════════════════════════════╝

    Error Context: ../../test-results/mobile-touch-interactions--17f2e-d-allow-scrolling-on-mobile-chromium/error-context.md
]]>
</error>
</testcase>
<testcase name="Mobile: Touch Interactions › should handle form input on mobile keyboard" classname="mobile/touch-interactions.spec.js" time="0.002">
<system-out>
<![CDATA[
[[ATTACHMENT|mobile-touch-interactions--ce9d1-rm-input-on-mobile-keyboard-chromium/error-context.md]]
]]>
</system-out>
<error message="browserType.launch: Executable doesn&apos;t exist at /opt/pw-browsers/chromium_headless_shell-1217/chrome-headless-shell-linux64/chrome-headless-shell" type="Error">
<![CDATA[  [chromium] › mobile/touch-interactions.spec.js:65:3 › Mobile: Touch Interactions › should handle form input on mobile keyboard 

    Error: browserType.launch: Executable doesn't exist at /opt/pw-browsers/chromium_headless_shell-1217/chrome-headless-shell-linux64/chrome-headless-shell
    ╔════════════════════════════════════════════════════════════╗
    ║ Looks like Playwright was just installed or updated.       ║
    ║ Please run the following command to download new browsers: ║
    ║                                                            ║
    ║     npx playwright install                                 ║
    ║                                                            ║
    ║ <3 Playwright Team                                         ║
    ╚════════════════════════════════════════════════════════════╝

    Error Context: ../../test-results/mobile-touch-interactions--ce9d1-rm-input-on-mobile-keyboard-chromium/error-context.md
]]>
</error>
</testcase>
<testcase name="Mobile: Touch Interactions › should close mobile keyboard on escape" classname="mobile/touch-interactions.spec.js" time="0.002">
<system-out>
<![CDATA[
[[ATTACHMENT|mobile-touch-interactions--cd3f3-e-mobile-keyboard-on-escape-chromium/error-context.md]]
]]>
</system-out>
<error message="browserType.launch: Executable doesn&apos;t exist at /opt/pw-browsers/chromium_headless_shell-1217/chrome-headless-shell-linux64/chrome-headless-shell" type="Error">
<![CDATA[  [chromium] › mobile/touch-interactions.spec.js:86:3 › Mobile: Touch Interactions › should close mobile keyboard on escape 

    Error: browserType.launch: Executable doesn't exist at /opt/pw-browsers/chromium_headless_shell-1217/chrome-headless-shell-linux64/chrome-headless-shell
    ╔════════════════════════════════════════════════════════════╗
    ║ Looks like Playwright was just installed or updated.       ║
    ║ Please run the following command to download new browsers: ║
    ║                                                            ║
    ║     npx playwright install                                 ║
    ║                                                            ║
    ║ <3 Playwright Team                                         ║
    ╚════════════════════════════════════════════════════════════╝

    Error Context: ../../test-results/mobile-touch-interactions--cd3f3-e-mobile-keyboard-on-escape-chromium/error-context.md
]]>
</error>
</testcase>
</testsuite>
<testsuite name="smoke.spec.js" timestamp="2026-04-06T01:26:26.910Z" hostname="chromium" tests="3" failures="0" skipped="0" time="0.006" errors="3">
<testcase name="Smoke Tests › should load the home page" classname="smoke.spec.js" time="0.002">
<system-out>
<![CDATA[
[[ATTACHMENT|smoke-Smoke-Tests-should-load-the-home-page-chromium/error-context.md]]
]]>
</system-out>
<error message="browserType.launch: Executable doesn&apos;t exist at /opt/pw-browsers/chromium_headless_shell-1217/chrome-headless-shell-linux64/chrome-headless-shell" type="Error">
<![CDATA[  [chromium] › smoke.spec.js:4:3 › Smoke Tests › should load the home page ─────────────────────────

    Error: browserType.launch: Executable doesn't exist at /opt/pw-browsers/chromium_headless_shell-1217/chrome-headless-shell-linux64/chrome-headless-shell
    ╔════════════════════════════════════════════════════════════╗
    ║ Looks like Playwright was just installed or updated.       ║
    ║ Please run the following command to download new browsers: ║
    ║                                                            ║
    ║     npx playwright install                                 ║
    ║                                                            ║
    ║ <3 Playwright Team                                         ║
    ╚════════════════════════════════════════════════════════════╝

    Error Context: ../../test-results/smoke-Smoke-Tests-should-load-the-home-page-chromium/error-context.md
]]>
</error>
</testcase>
<testcase name="Smoke Tests › should have no console errors on load" classname="smoke.spec.js" time="0.002">
<system-out>
<![CDATA[
[[ATTACHMENT|smoke-Smoke-Tests-should-have-no-console-errors-on-load-chromium/error-context.md]]
]]>
</system-out>
<error message="browserType.launch: Executable doesn&apos;t exist at /opt/pw-browsers/chromium_headless_shell-1217/chrome-headless-shell-linux64/chrome-headless-shell" type="Error">
<![CDATA[  [chromium] › smoke.spec.js:16:3 › Smoke Tests › should have no console errors on load ────────────

    Error: browserType.launch: Executable doesn't exist at /opt/pw-browsers/chromium_headless_shell-1217/chrome-headless-shell-linux64/chrome-headless-shell
    ╔════════════════════════════════════════════════════════════╗
    ║ Looks like Playwright was just installed or updated.       ║
    ║ Please run the following command to download new browsers: ║
    ║                                                            ║
    ║     npx playwright install                                 ║
    ║                                                            ║
    ║ <3 Playwright Team                                         ║
    ╚════════════════════════════════════════════════════════════╝

    Error Context: ../../test-results/smoke-Smoke-Tests-should-have-no-console-errors-on-load-chromium/error-context.md
]]>
</error>
</testcase>
<testcase name="Smoke Tests › should have responsive viewport on mobile" classname="smoke.spec.js" time="0.002">
<system-out>
<![CDATA[
[[ATTACHMENT|smoke-Smoke-Tests-should-have-responsive-viewport-on-mobile-chromium/error-context.md]]
]]>
</system-out>
<error message="browserType.launch: Executable doesn&apos;t exist at /opt/pw-browsers/chromium_headless_shell-1217/chrome-headless-shell-linux64/chrome-headless-shell" type="Error">
<![CDATA[  [chromium] › smoke.spec.js:34:3 › Smoke Tests › should have responsive viewport on mobile ────────

    Error: browserType.launch: Executable doesn't exist at /opt/pw-browsers/chromium_headless_shell-1217/chrome-headless-shell-linux64/chrome-headless-shell
    ╔════════════════════════════════════════════════════════════╗
    ║ Looks like Playwright was just installed or updated.       ║
    ║ Please run the following command to download new browsers: ║
    ║                                                            ║
    ║     npx playwright install                                 ║
    ║                                                            ║
    ║ <3 Playwright Team                                         ║
    ╚════════════════════════════════════════════════════════════╝

    Error Context: ../../test-results/smoke-Smoke-Tests-should-have-responsive-viewport-on-mobile-chromium/error-context.md
]]>
</error>
</testcase>
</testsuite>
<testsuite name="visual/baseline-setup.spec.js" timestamp="2026-04-06T01:26:26.910Z" hostname="chromium" tests="5" failures="0" skipped="0" time="0.011" errors="5">
<testcase name="Visual Regression: Baselines › should capture home page baseline" classname="visual/baseline-setup.spec.js" time="0.002">
<system-out>
<![CDATA[
[[ATTACHMENT|visual-baseline-setup-Visu-53a03--capture-home-page-baseline-chromium/error-context.md]]
]]>
</system-out>
<error message="browserType.launch: Executable doesn&apos;t exist at /opt/pw-browsers/chromium_headless_shell-1217/chrome-headless-shell-linux64/chrome-headless-shell" type="Error">
<![CDATA[  [chromium] › visual/baseline-setup.spec.js:15:3 › Visual Regression: Baselines › should capture home page baseline 

    Error: browserType.launch: Executable doesn't exist at /opt/pw-browsers/chromium_headless_shell-1217/chrome-headless-shell-linux64/chrome-headless-shell
    ╔════════════════════════════════════════════════════════════╗
    ║ Looks like Playwright was just installed or updated.       ║
    ║ Please run the following command to download new browsers: ║
    ║                                                            ║
    ║     npx playwright install                                 ║
    ║                                                            ║
    ║ <3 Playwright Team                                         ║
    ╚════════════════════════════════════════════════════════════╝

    Error Context: ../../test-results/visual-baseline-setup-Visu-53a03--capture-home-page-baseline-chromium/error-context.md
]]>
</error>
</testcase>
<testcase name="Visual Regression: Baselines › should capture calculator page baseline" classname="visual/baseline-setup.spec.js" time="0.002">
<system-out>
<![CDATA[
[[ATTACHMENT|visual-baseline-setup-Visu-64feb-re-calculator-page-baseline-chromium/error-context.md]]
]]>
</system-out>
<error message="browserType.launch: Executable doesn&apos;t exist at /opt/pw-browsers/chromium_headless_shell-1217/chrome-headless-shell-linux64/chrome-headless-shell" type="Error">
<![CDATA[  [chromium] › visual/baseline-setup.spec.js:26:3 › Visual Regression: Baselines › should capture calculator page baseline 

    Error: browserType.launch: Executable doesn't exist at /opt/pw-browsers/chromium_headless_shell-1217/chrome-headless-shell-linux64/chrome-headless-shell
    ╔════════════════════════════════════════════════════════════╗
    ║ Looks like Playwright was just installed or updated.       ║
    ║ Please run the following command to download new browsers: ║
    ║                                                            ║
    ║     npx playwright install                                 ║
    ║                                                            ║
    ║ <3 Playwright Team                                         ║
    ╚════════════════════════════════════════════════════════════╝

    Error Context: ../../test-results/visual-baseline-setup-Visu-64feb-re-calculator-page-baseline-chromium/error-context.md
]]>
</error>
</testcase>
<testcase name="Visual Regression: Baselines › should capture join existing bake page baseline" classname="visual/baseline-setup.spec.js" time="0.003">
<system-out>
<![CDATA[
[[ATTACHMENT|visual-baseline-setup-Visu-e2bd3-existing-bake-page-baseline-chromium/error-context.md]]
]]>
</system-out>
<error message="browserType.launch: Executable doesn&apos;t exist at /opt/pw-browsers/chromium_headless_shell-1217/chrome-headless-shell-linux64/chrome-headless-shell" type="Error">
<![CDATA[  [chromium] › visual/baseline-setup.spec.js:34:3 › Visual Regression: Baselines › should capture join existing bake page baseline 

    Error: browserType.launch: Executable doesn't exist at /opt/pw-browsers/chromium_headless_shell-1217/chrome-headless-shell-linux64/chrome-headless-shell
    ╔════════════════════════════════════════════════════════════╗
    ║ Looks like Playwright was just installed or updated.       ║
    ║ Please run the following command to download new browsers: ║
    ║                                                            ║
    ║     npx playwright install                                 ║
    ║                                                            ║
    ║ <3 Playwright Team                                         ║
    ╚════════════════════════════════════════════════════════════╝

    Error Context: ../../test-results/visual-baseline-setup-Visu-e2bd3-existing-bake-page-baseline-chromium/error-context.md
]]>
</error>
</testcase>
<testcase name="Visual Regression: Baselines › should capture tracker page baseline" classname="visual/baseline-setup.spec.js" time="0.002">
<system-out>
<![CDATA[
[[ATTACHMENT|visual-baseline-setup-Visu-c8219-pture-tracker-page-baseline-chromium/error-context.md]]
]]>
</system-out>
<error message="browserType.launch: Executable doesn&apos;t exist at /opt/pw-browsers/chromium_headless_shell-1217/chrome-headless-shell-linux64/chrome-headless-shell" type="Error">
<![CDATA[  [chromium] › visual/baseline-setup.spec.js:42:3 › Visual Regression: Baselines › should capture tracker page baseline 

    Error: browserType.launch: Executable doesn't exist at /opt/pw-browsers/chromium_headless_shell-1217/chrome-headless-shell-linux64/chrome-headless-shell
    ╔════════════════════════════════════════════════════════════╗
    ║ Looks like Playwright was just installed or updated.       ║
    ║ Please run the following command to download new browsers: ║
    ║                                                            ║
    ║     npx playwright install                                 ║
    ║                                                            ║
    ║ <3 Playwright Team                                         ║
    ╚════════════════════════════════════════════════════════════╝

    Error Context: ../../test-results/visual-baseline-setup-Visu-c8219-pture-tracker-page-baseline-chromium/error-context.md
]]>
</error>
</testcase>
<testcase name="Visual Regression: Baselines › should capture templates page baseline" classname="visual/baseline-setup.spec.js" time="0.002">
<system-out>
<![CDATA[
[[ATTACHMENT|visual-baseline-setup-Visu-93e5b-ure-templates-page-baseline-chromium/error-context.md]]
]]>
</system-out>
<error message="browserType.launch: Executable doesn&apos;t exist at /opt/pw-browsers/chromium_headless_shell-1217/chrome-headless-shell-linux64/chrome-headless-shell" type="Error">
<![CDATA[  [chromium] › visual/baseline-setup.spec.js:50:3 › Visual Regression: Baselines › should capture templates page baseline 

    Error: browserType.launch: Executable doesn't exist at /opt/pw-browsers/chromium_headless_shell-1217/chrome-headless-shell-linux64/chrome-headless-shell
    ╔════════════════════════════════════════════════════════════╗
    ║ Looks like Playwright was just installed or updated.       ║
    ║ Please run the following command to download new browsers: ║
    ║                                                            ║
    ║     npx playwright install                                 ║
    ║                                                            ║
    ║ <3 Playwright Team                                         ║
    ╚════════════════════════════════════════════════════════════╝

    Error Context: ../../test-results/visual-baseline-setup-Visu-93e5b-ure-templates-page-baseline-chromium/error-context.md
]]>
</error>
</testcase>
</testsuite>
<testsuite name="visual/layout-regression.spec.js" timestamp="2026-04-06T01:26:26.910Z" hostname="chromium" tests="6" failures="0" skipped="0" time="0.012" errors="6">
<testcase name="Visual Regression: Layout Detection › should detect changes on home page" classname="visual/layout-regression.spec.js" time="0.002">
<system-out>
<![CDATA[
[[ATTACHMENT|visual-layout-regression-V-196dc-detect-changes-on-home-page-chromium/error-context.md]]
]]>
</system-out>
<error message="browserType.launch: Executable doesn&apos;t exist at /opt/pw-browsers/chromium_headless_shell-1217/chrome-headless-shell-linux64/chrome-headless-shell" type="Error">
<![CDATA[  [chromium] › visual/layout-regression.spec.js:17:3 › Visual Regression: Layout Detection › should detect changes on home page 

    Error: browserType.launch: Executable doesn't exist at /opt/pw-browsers/chromium_headless_shell-1217/chrome-headless-shell-linux64/chrome-headless-shell
    ╔════════════════════════════════════════════════════════════╗
    ║ Looks like Playwright was just installed or updated.       ║
    ║ Please run the following command to download new browsers: ║
    ║                                                            ║
    ║     npx playwright install                                 ║
    ║                                                            ║
    ║ <3 Playwright Team                                         ║
    ╚════════════════════════════════════════════════════════════╝

    Error Context: ../../test-results/visual-layout-regression-V-196dc-detect-changes-on-home-page-chromium/error-context.md
]]>
</error>
</testcase>
<testcase name="Visual Regression: Layout Detection › should detect layout changes on calculator" classname="visual/layout-regression.spec.js" time="0.002">
<system-out>
<![CDATA[
[[ATTACHMENT|visual-layout-regression-V-1e5df-ayout-changes-on-calculator-chromium/error-context.md]]
]]>
</system-out>
<error message="browserType.launch: Executable doesn&apos;t exist at /opt/pw-browsers/chromium_headless_shell-1217/chrome-headless-shell-linux64/chrome-headless-shell" type="Error">
<![CDATA[  [chromium] › visual/layout-regression.spec.js:26:3 › Visual Regression: Layout Detection › should detect layout changes on calculator 

    Error: browserType.launch: Executable doesn't exist at /opt/pw-browsers/chromium_headless_shell-1217/chrome-headless-shell-linux64/chrome-headless-shell
    ╔════════════════════════════════════════════════════════════╗
    ║ Looks like Playwright was just installed or updated.       ║
    ║ Please run the following command to download new browsers: ║
    ║                                                            ║
    ║     npx playwright install                                 ║
    ║                                                            ║
    ║ <3 Playwright Team                                         ║
    ╚════════════════════════════════════════════════════════════╝

    Error Context: ../../test-results/visual-layout-regression-V-1e5df-ayout-changes-on-calculator-chromium/error-context.md
]]>
</error>
</testcase>
<testcase name="Visual Regression: Layout Detection › should detect form alignment issues" classname="visual/layout-regression.spec.js" time="0.002">
<system-out>
<![CDATA[
[[ATTACHMENT|visual-layout-regression-V-d326c-etect-form-alignment-issues-chromium/error-context.md]]
]]>
</system-out>
<error message="browserType.launch: Executable doesn&apos;t exist at /opt/pw-browsers/chromium_headless_shell-1217/chrome-headless-shell-linux64/chrome-headless-shell" type="Error">
<![CDATA[  [chromium] › visual/layout-regression.spec.js:46:3 › Visual Regression: Layout Detection › should detect form alignment issues 

    Error: browserType.launch: Executable doesn't exist at /opt/pw-browsers/chromium_headless_shell-1217/chrome-headless-shell-linux64/chrome-headless-shell
    ╔════════════════════════════════════════════════════════════╗
    ║ Looks like Playwright was just installed or updated.       ║
    ║ Please run the following command to download new browsers: ║
    ║                                                            ║
    ║     npx playwright install                                 ║
    ║                                                            ║
    ║ <3 Playwright Team                                         ║
    ╚════════════════════════════════════════════════════════════╝

    Error Context: ../../test-results/visual-layout-regression-V-d326c-etect-form-alignment-issues-chromium/error-context.md
]]>
</error>
</testcase>
<testcase name="Visual Regression: Layout Detection › should detect color or style changes" classname="visual/layout-regression.spec.js" time="0.002">
<system-out>
<![CDATA[
[[ATTACHMENT|visual-layout-regression-V-45f57-tect-color-or-style-changes-chromium/error-context.md]]
]]>
</system-out>
<error message="browserType.launch: Executable doesn&apos;t exist at /opt/pw-browsers/chromium_headless_shell-1217/chrome-headless-shell-linux64/chrome-headless-shell" type="Error">
<![CDATA[  [chromium] › visual/layout-regression.spec.js:66:3 › Visual Regression: Layout Detection › should detect color or style changes 

    Error: browserType.launch: Executable doesn't exist at /opt/pw-browsers/chromium_headless_shell-1217/chrome-headless-shell-linux64/chrome-headless-shell
    ╔════════════════════════════════════════════════════════════╗
    ║ Looks like Playwright was just installed or updated.       ║
    ║ Please run the following command to download new browsers: ║
    ║                                                            ║
    ║     npx playwright install                                 ║
    ║                                                            ║
    ║ <3 Playwright Team                                         ║
    ╚════════════════════════════════════════════════════════════╝

    Error Context: ../../test-results/visual-layout-regression-V-45f57-tect-color-or-style-changes-chromium/error-context.md
]]>
</error>
</testcase>
<testcase name="Visual Regression: Layout Detection › should detect responsive layout shifts" classname="visual/layout-regression.spec.js" time="0.002">
<system-out>
<![CDATA[
[[ATTACHMENT|visual-layout-regression-V-1d230-ct-responsive-layout-shifts-chromium/error-context.md]]
]]>
</system-out>
<error message="browserType.launch: Executable doesn&apos;t exist at /opt/pw-browsers/chromium_headless_shell-1217/chrome-headless-shell-linux64/chrome-headless-shell" type="Error">
<![CDATA[  [chromium] › visual/layout-regression.spec.js:74:3 › Visual Regression: Layout Detection › should detect responsive layout shifts 

    Error: browserType.launch: Executable doesn't exist at /opt/pw-browsers/chromium_headless_shell-1217/chrome-headless-shell-linux64/chrome-headless-shell
    ╔════════════════════════════════════════════════════════════╗
    ║ Looks like Playwright was just installed or updated.       ║
    ║ Please run the following command to download new browsers: ║
    ║                                                            ║
    ║     npx playwright install                                 ║
    ║                                                            ║
    ║ <3 Playwright Team                                         ║
    ╚════════════════════════════════════════════════════════════╝

    Error Context: ../../test-results/visual-layout-regression-V-1d230-ct-responsive-layout-shifts-chromium/error-context.md
]]>
</error>
</testcase>
<testcase name="Visual Regression: Layout Detection › should detect spacing changes" classname="visual/layout-regression.spec.js" time="0.002">
<system-out>
<![CDATA[
[[ATTACHMENT|visual-layout-regression-V-3d52a-ould-detect-spacing-changes-chromium/error-context.md]]
]]>
</system-out>
<error message="browserType.launch: Executable doesn&apos;t exist at /opt/pw-browsers/chromium_headless_shell-1217/chrome-headless-shell-linux64/chrome-headless-shell" type="Error">
<![CDATA[  [chromium] › visual/layout-regression.spec.js:84:3 › Visual Regression: Layout Detection › should detect spacing changes 

    Error: browserType.launch: Executable doesn't exist at /opt/pw-browsers/chromium_headless_shell-1217/chrome-headless-shell-linux64/chrome-headless-shell
    ╔════════════════════════════════════════════════════════════╗
    ║ Looks like Playwright was just installed or updated.       ║
    ║ Please run the following command to download new browsers: ║
    ║                                                            ║
    ║     npx playwright install                                 ║
    ║                                                            ║
    ║ <3 Playwright Team                                         ║
    ╚════════════════════════════════════════════════════════════╝

    Error Context: ../../test-results/visual-layout-regression-V-3d52a-ould-detect-spacing-changes-chromium/error-context.md
]]>
</error>
</testcase>
</testsuite>
<testsuite name="flows/calculate-bake.spec.js" timestamp="2026-04-06T01:26:26.910Z" hostname="mobile" tests="3" failures="0" skipped="0" time="0.006" errors="3">
<testcase name="Calculate Bake Flow › should load home page and show calculate option" classname="flows/calculate-bake.spec.js" time="0.002">
<system-out>
<![CDATA[
[[ATTACHMENT|flows-calculate-bake-Calcu-652db-e-and-show-calculate-option-mobile/error-context.md]]
]]>
</system-out>
<error message="browserType.launch: Executable doesn&apos;t exist at /opt/pw-browsers/chromium_headless_shell-1217/chrome-headless-shell-linux64/chrome-headless-shell" type="Error">
<![CDATA[  [mobile] › flows/calculate-bake.spec.js:9:3 › Calculate Bake Flow › should load home page and show calculate option 

    Error: browserType.launch: Executable doesn't exist at /opt/pw-browsers/chromium_headless_shell-1217/chrome-headless-shell-linux64/chrome-headless-shell
    ╔════════════════════════════════════════════════════════════╗
    ║ Looks like Playwright was just installed or updated.       ║
    ║ Please run the following command to download new browsers: ║
    ║                                                            ║
    ║     npx playwright install                                 ║
    ║                                                            ║
    ║ <3 Playwright Team                                         ║
    ╚════════════════════════════════════════════════════════════╝

    Error Context: ../../test-results/flows-calculate-bake-Calcu-652db-e-and-show-calculate-option-mobile/error-context.md
]]>
</error>
</testcase>
<testcase name="Calculate Bake Flow › should validate target time is required" classname="flows/calculate-bake.spec.js" time="0.002">
<system-out>
<![CDATA[
[[ATTACHMENT|flows-calculate-bake-Calcu-ae7f7-ate-target-time-is-required-mobile/error-context.md]]
]]>
</system-out>
<error message="browserType.launch: Executable doesn&apos;t exist at /opt/pw-browsers/chromium_headless_shell-1217/chrome-headless-shell-linux64/chrome-headless-shell" type="Error">
<![CDATA[  [mobile] › flows/calculate-bake.spec.js:16:3 › Calculate Bake Flow › should validate target time is required 

    Error: browserType.launch: Executable doesn't exist at /opt/pw-browsers/chromium_headless_shell-1217/chrome-headless-shell-linux64/chrome-headless-shell
    ╔════════════════════════════════════════════════════════════╗
    ║ Looks like Playwright was just installed or updated.       ║
    ║ Please run the following command to download new browsers: ║
    ║                                                            ║
    ║     npx playwright install                                 ║
    ║                                                            ║
    ║ <3 Playwright Team                                         ║
    ╚════════════════════════════════════════════════════════════╝

    Error Context: ../../test-results/flows-calculate-bake-Calcu-ae7f7-ate-target-time-is-required-mobile/error-context.md
]]>
</error>
</testcase>
<testcase name="Calculate Bake Flow › should generate schedule with valid inputs" classname="flows/calculate-bake.spec.js" time="0.002">
<system-out>
<![CDATA[
[[ATTACHMENT|flows-calculate-bake-Calcu-2e779--schedule-with-valid-inputs-mobile/error-context.md]]
]]>
</system-out>
<error message="browserType.launch: Executable doesn&apos;t exist at /opt/pw-browsers/chromium_headless_shell-1217/chrome-headless-shell-linux64/chrome-headless-shell" type="Error">
<![CDATA[  [mobile] › flows/calculate-bake.spec.js:29:3 › Calculate Bake Flow › should generate schedule with valid inputs 

    Error: browserType.launch: Executable doesn't exist at /opt/pw-browsers/chromium_headless_shell-1217/chrome-headless-shell-linux64/chrome-headless-shell
    ╔════════════════════════════════════════════════════════════╗
    ║ Looks like Playwright was just installed or updated.       ║
    ║ Please run the following command to download new browsers: ║
    ║                                                            ║
    ║     npx playwright install                                 ║
    ║                                                            ║
    ║ <3 Playwright Team                                         ║
    ╚════════════════════════════════════════════════════════════╝

    Error Context: ../../test-results/flows-calculate-bake-Calcu-2e779--schedule-with-valid-inputs-mobile/error-context.md
]]>
</error>
</testcase>
</testsuite>
<testsuite name="flows/error-handling.spec.js" timestamp="2026-04-06T01:26:26.910Z" hostname="mobile" tests="4" failures="0" skipped="0" time="0.008" errors="4">
<testcase name="Error Handling &amp; Bug Fixes › should handle missing template properties gracefully" classname="flows/error-handling.spec.js" time="0.002">
<system-out>
<![CDATA[
[[ATTACHMENT|flows-error-handling-Error-66296-plate-properties-gracefully-mobile/error-context.md]]
]]>
</system-out>
<error message="browserType.launch: Executable doesn&apos;t exist at /opt/pw-browsers/chromium_headless_shell-1217/chrome-headless-shell-linux64/chrome-headless-shell" type="Error">
<![CDATA[  [mobile] › flows/error-handling.spec.js:5:3 › Error Handling & Bug Fixes › should handle missing template properties gracefully 

    Error: browserType.launch: Executable doesn't exist at /opt/pw-browsers/chromium_headless_shell-1217/chrome-headless-shell-linux64/chrome-headless-shell
    ╔════════════════════════════════════════════════════════════╗
    ║ Looks like Playwright was just installed or updated.       ║
    ║ Please run the following command to download new browsers: ║
    ║                                                            ║
    ║     npx playwright install                                 ║
    ║                                                            ║
    ║ <3 Playwright Team                                         ║
    ╚════════════════════════════════════════════════════════════╝

    Error Context: ../../test-results/flows-error-handling-Error-66296-plate-properties-gracefully-mobile/error-context.md
]]>
</error>
</testcase>
<testcase name="Error Handling &amp; Bug Fixes › should handle invalid form inputs without crashing" classname="flows/error-handling.spec.js" time="0.002">
<system-out>
<![CDATA[
[[ATTACHMENT|flows-error-handling-Error-e0d22-orm-inputs-without-crashing-mobile/error-context.md]]
]]>
</system-out>
<error message="browserType.launch: Executable doesn&apos;t exist at /opt/pw-browsers/chromium_headless_shell-1217/chrome-headless-shell-linux64/chrome-headless-shell" type="Error">
<![CDATA[  [mobile] › flows/error-handling.spec.js:22:3 › Error Handling & Bug Fixes › should handle invalid form inputs without crashing 

    Error: browserType.launch: Executable doesn't exist at /opt/pw-browsers/chromium_headless_shell-1217/chrome-headless-shell-linux64/chrome-headless-shell
    ╔════════════════════════════════════════════════════════════╗
    ║ Looks like Playwright was just installed or updated.       ║
    ║ Please run the following command to download new browsers: ║
    ║                                                            ║
    ║     npx playwright install                                 ║
    ║                                                            ║
    ║ <3 Playwright Team                                         ║
    ╚════════════════════════════════════════════════════════════╝

    Error Context: ../../test-results/flows-error-handling-Error-e0d22-orm-inputs-without-crashing-mobile/error-context.md
]]>
</error>
</testcase>
<testcase name="Error Handling &amp; Bug Fixes › should validate type consistency for dates" classname="flows/error-handling.spec.js" time="0.002">
<system-out>
<![CDATA[
[[ATTACHMENT|flows-error-handling-Error-ab308--type-consistency-for-dates-mobile/error-context.md]]
]]>
</system-out>
<error message="browserType.launch: Executable doesn&apos;t exist at /opt/pw-browsers/chromium_headless_shell-1217/chrome-headless-shell-linux64/chrome-headless-shell" type="Error">
<![CDATA[  [mobile] › flows/error-handling.spec.js:39:3 › Error Handling & Bug Fixes › should validate type consistency for dates 

    Error: browserType.launch: Executable doesn't exist at /opt/pw-browsers/chromium_headless_shell-1217/chrome-headless-shell-linux64/chrome-headless-shell
    ╔════════════════════════════════════════════════════════════╗
[...]
]]>
</system-out>
<error message="browserType.launch: Executable doesn&apos;t exist at /opt/pw-browsers/chromium_headless_shell-1217/chrome-headless-shell-linux64/chrome-headless-shell" type="Error">
<![CDATA[  [ios] › mobile/touch-interactions.spec.js:86:3 › Mobile: Touch Interactions › should close mobile keyboard on escape 

    Error: browserType.launch: Executable doesn't exist at /opt/pw-browsers/chromium_headless_shell-1217/chrome-headless-shell-linux64/chrome-headless-shell
    ╔════════════════════════════════════════════════════════════╗
    ║ Looks like Playwright was just installed or updated.       ║
    ║ Please run the following command to download new browsers: ║
    ║                                                            ║
    ║     npx playwright install                                 ║
    ║                                                            ║
    ║ <3 Playwright Team                                         ║
    ╚════════════════════════════════════════════════════════════╝

    Error Context: ../../test-results/mobile-touch-interactions--cd3f3-e-mobile-keyboard-on-escape-ios/error-context.md
]]>
</error>
</testcase>
</testsuite>
<testsuite name="smoke.spec.js" timestamp="2026-04-06T01:26:26.910Z" hostname="ios" tests="3" failures="0" skipped="0" time="0.006" errors="3">
<testcase name="Smoke Tests › should load the home page" classname="smoke.spec.js" time="0.002">
<system-out>
<![CDATA[
[[ATTACHMENT|smoke-Smoke-Tests-should-load-the-home-page-ios/error-context.md]]
]]>
</system-out>
<error message="browserType.launch: Executable doesn&apos;t exist at /opt/pw-browsers/webkit-2272/pw_run.sh" type="Error">
<![CDATA[  [ios] › smoke.spec.js:4:3 › Smoke Tests › should load the home page ──────────────────────────────

    Error: browserType.launch: Executable doesn't exist at /opt/pw-browsers/webkit-2272/pw_run.sh
    ╔════════════════════════════════════════════════════════════╗
    ║ Looks like Playwright was just installed or updated.       ║
    ║ Please run the following command to download new browsers: ║
    ║                                                            ║
    ║     npx playwright install                                 ║
    ║                                                            ║
    ║ <3 Playwright Team                                         ║
    ╚════════════════════════════════════════════════════════════╝

    Error Context: ../../test-results/smoke-Smoke-Tests-should-load-the-home-page-ios/error-context.md
]]>
</error>
</testcase>
<testcase name="Smoke Tests › should have no console errors on load" classname="smoke.spec.js" time="0.002">
<system-out>
<![CDATA[
[[ATTACHMENT|smoke-Smoke-Tests-should-have-no-console-errors-on-load-ios/error-context.md]]
]]>
</system-out>
<error message="browserType.launch: Executable doesn&apos;t exist at /opt/pw-browsers/webkit-2272/pw_run.sh" type="Error">
<![CDATA[  [ios] › smoke.spec.js:16:3 › Smoke Tests › should have no console errors on load ─────────────────

    Error: browserType.launch: Executable doesn't exist at /opt/pw-browsers/webkit-2272/pw_run.sh
    ╔════════════════════════════════════════════════════════════╗
    ║ Looks like Playwright was just installed or updated.       ║
    ║ Please run the following command to download new browsers: ║
    ║                                                            ║
    ║     npx playwright install                                 ║
    ║                                                            ║
    ║ <3 Playwright Team                                         ║
    ╚════════════════════════════════════════════════════════════╝

    Error Context: ../../test-results/smoke-Smoke-Tests-should-have-no-console-errors-on-load-ios/error-context.md
]]>
</error>
</testcase>
<testcase name="Smoke Tests › should have responsive viewport on mobile" classname="smoke.spec.js" time="0.002">
<system-out>
<![CDATA[
[[ATTACHMENT|smoke-Smoke-Tests-should-have-responsive-viewport-on-mobile-ios/error-context.md]]
]]>
</system-out>
<error message="browserType.launch: Executable doesn&apos;t exist at /opt/pw-browsers/webkit-2272/pw_run.sh" type="Error">
<![CDATA[  [ios] › smoke.spec.js:34:3 › Smoke Tests › should have responsive viewport on mobile ─────────────

    Error: browserType.launch: Executable doesn't exist at /opt/pw-browsers/webkit-2272/pw_run.sh
    ╔════════════════════════════════════════════════════════════╗
    ║ Looks like Playwright was just installed or updated.       ║
    ║ Please run the following command to download new browsers: ║
    ║                                                            ║
    ║     npx playwright install                                 ║
    ║                                                            ║
    ║ <3 Playwright Team                                         ║
    ╚════════════════════════════════════════════════════════════╝

    Error Context: ../../test-results/smoke-Smoke-Tests-should-have-responsive-viewport-on-mobile-ios/error-context.md
]]>
</error>
</testcase>
</testsuite>
<testsuite name="visual/baseline-setup.spec.js" timestamp="2026-04-06T01:26:26.910Z" hostname="ios" tests="5" failures="0" skipped="0" time="0.01" errors="5">
<testcase name="Visual Regression: Baselines › should capture home page baseline" classname="visual/baseline-setup.spec.js" time="0.002">
<system-out>
<![CDATA[
[[ATTACHMENT|visual-baseline-setup-Visu-53a03--capture-home-page-baseline-ios/error-context.md]]
]]>
</system-out>
<error message="browserType.launch: Executable doesn&apos;t exist at /opt/pw-browsers/webkit-2272/pw_run.sh" type="Error">
<![CDATA[  [ios] › visual/baseline-setup.spec.js:15:3 › Visual Regression: Baselines › should capture home page baseline 

    Error: browserType.launch: Executable doesn't exist at /opt/pw-browsers/webkit-2272/pw_run.sh
    ╔════════════════════════════════════════════════════════════╗
    ║ Looks like Playwright was just installed or updated.       ║
    ║ Please run the following command to download new browsers: ║
    ║                                                            ║
    ║     npx playwright install                                 ║
    ║                                                            ║
    ║ <3 Playwright Team                                         ║
    ╚════════════════════════════════════════════════════════════╝

    Error Context: ../../test-results/visual-baseline-setup-Visu-53a03--capture-home-page-baseline-ios/error-context.md
]]>
</error>
</testcase>
<testcase name="Visual Regression: Baselines › should capture calculator page baseline" classname="visual/baseline-setup.spec.js" time="0.002">
<system-out>
<![CDATA[
[[ATTACHMENT|visual-baseline-setup-Visu-64feb-re-calculator-page-baseline-ios/error-context.md]]
]]>
</system-out>
<error message="browserType.launch: Executable doesn&apos;t exist at /opt/pw-browsers/webkit-2272/pw_run.sh" type="Error">
<![CDATA[  [ios] › visual/baseline-setup.spec.js:26:3 › Visual Regression: Baselines › should capture calculator page baseline 

    Error: browserType.launch: Executable doesn't exist at /opt/pw-browsers/webkit-2272/pw_run.sh
    ╔════════════════════════════════════════════════════════════╗
    ║ Looks like Playwright was just installed or updated.       ║
    ║ Please run the following command to download new browsers: ║
    ║                                                            ║
    ║     npx playwright install                                 ║
    ║                                                            ║
    ║ <3 Playwright Team                                         ║
    ╚════════════════════════════════════════════════════════════╝

    Error Context: ../../test-results/visual-baseline-setup-Visu-64feb-re-calculator-page-baseline-ios/error-context.md
]]>
</error>
</testcase>
<testcase name="Visual Regression: Baselines › should capture join existing bake page baseline" classname="visual/baseline-setup.spec.js" time="0.002">
<system-out>
<![CDATA[
[[ATTACHMENT|visual-baseline-setup-Visu-e2bd3-existing-bake-page-baseline-ios/error-context.md]]
]]>
</system-out>
<error message="browserType.launch: Executable doesn&apos;t exist at /opt/pw-browsers/webkit-2272/pw_run.sh" type="Error">
<![CDATA[  [ios] › visual/baseline-setup.spec.js:34:3 › Visual Regression: Baselines › should capture join existing bake page baseline 

    Error: browserType.launch: Executable doesn't exist at /opt/pw-browsers/webkit-2272/pw_run.sh
    ╔════════════════════════════════════════════════════════════╗
    ║ Looks like Playwright was just installed or updated.       ║
    ║ Please run the following command to download new browsers: ║
    ║                                                            ║
    ║     npx playwright install                                 ║
    ║                                                            ║
    ║ <3 Playwright Team                                         ║
    ╚════════════════════════════════════════════════════════════╝

    Error Context: ../../test-results/visual-baseline-setup-Visu-e2bd3-existing-bake-page-baseline-ios/error-context.md
]]>
</error>
</testcase>
<testcase name="Visual Regression: Baselines › should capture tracker page baseline" classname="visual/baseline-setup.spec.js" time="0.002">
<system-out>
<![CDATA[
[[ATTACHMENT|visual-baseline-setup-Visu-c8219-pture-tracker-page-baseline-ios/error-context.md]]
]]>
</system-out>
<error message="browserType.launch: Executable doesn&apos;t exist at /opt/pw-browsers/webkit-2272/pw_run.sh" type="Error">
<![CDATA[  [ios] › visual/baseline-setup.spec.js:42:3 › Visual Regression: Baselines › should capture tracker page baseline 

    Error: browserType.launch: Executable doesn't exist at /opt/pw-browsers/webkit-2272/pw_run.sh
    ╔════════════════════════════════════════════════════════════╗
    ║ Looks like Playwright was just installed or updated.       ║
    ║ Please run the following command to download new browsers: ║
    ║                                                            ║
    ║     npx playwright install                                 ║
    ║                                                            ║
    ║ <3 Playwright Team                                         ║
    ╚════════════════════════════════════════════════════════════╝

    Error Context: ../../test-results/visual-baseline-setup-Visu-c8219-pture-tracker-page-baseline-ios/error-context.md
]]>
</error>
</testcase>
<testcase name="Visual Regression: Baselines › should capture templates page baseline" classname="visual/baseline-setup.spec.js" time="0.002">
<system-out>
<![CDATA[
[[ATTACHMENT|visual-baseline-setup-Visu-93e5b-ure-templates-page-baseline-ios/error-context.md]]
]]>
</system-out>
<error message="browserType.launch: Executable doesn&apos;t exist at /opt/pw-browsers/webkit-2272/pw_run.sh" type="Error">
<![CDATA[  [ios] › visual/baseline-setup.spec.js:50:3 › Visual Regression: Baselines › should capture templates page baseline 

    Error: browserType.launch: Executable doesn't exist at /opt/pw-browsers/webkit-2272/pw_run.sh
    ╔════════════════════════════════════════════════════════════╗
    ║ Looks like Playwright was just installed or updated.       ║
    ║ Please run the following command to download new browsers: ║
    ║                                                            ║
    ║     npx playwright install                                 ║
    ║                                                            ║
    ║ <3 Playwright Team                                         ║
    ╚════════════════════════════════════════════════════════════╝

    Error Context: ../../test-results/visual-baseline-setup-Visu-93e5b-ure-templates-page-baseline-ios/error-context.md
]]>
</error>
</testcase>
</testsuite>
<testsuite name="visual/layout-regression.spec.js" timestamp="2026-04-06T01:26:26.910Z" hostname="ios" tests="6" failures="0" skipped="0" time="0.012" errors="6">
<testcase name="Visual Regression: Layout Detection › should detect changes on home page" classname="visual/layout-regression.spec.js" time="0.002">
<system-out>
<![CDATA[
[[ATTACHMENT|visual-layout-regression-V-196dc-detect-changes-on-home-page-ios/error-context.md]]
]]>
</system-out>
<error message="browserType.launch: Executable doesn&apos;t exist at /opt/pw-browsers/webkit-2272/pw_run.sh" type="Error">
<![CDATA[  [ios] › visual/layout-regression.spec.js:17:3 › Visual Regression: Layout Detection › should detect changes on home page 

    Error: browserType.launch: Executable doesn't exist at /opt/pw-browsers/webkit-2272/pw_run.sh
    ╔════════════════════════════════════════════════════════════╗
    ║ Looks like Playwright was just installed or updated.       ║
    ║ Please run the following command to download new browsers: ║
    ║                                                            ║
    ║     npx playwright install                                 ║
    ║                                                            ║
    ║ <3 Playwright Team                                         ║
    ╚════════════════════════════════════════════════════════════╝

    Error Context: ../../test-results/visual-layout-regression-V-196dc-detect-changes-on-home-page-ios/error-context.md
]]>
</error>
</testcase>
<testcase name="Visual Regression: Layout Detection › should detect layout changes on calculator" classname="visual/layout-regression.spec.js" time="0.002">
<system-out>
<![CDATA[
[[ATTACHMENT|visual-layout-regression-V-1e5df-ayout-changes-on-calculator-ios/error-context.md]]
]]>
</system-out>
<error message="browserType.launch: Executable doesn&apos;t exist at /opt/pw-browsers/webkit-2272/pw_run.sh" type="Error">
<![CDATA[  [ios] › visual/layout-regression.spec.js:26:3 › Visual Regression: Layout Detection › should detect layout changes on calculator 

    Error: browserType.launch: Executable doesn't exist at /opt/pw-browsers/webkit-2272/pw_run.sh
    ╔════════════════════════════════════════════════════════════╗
    ║ Looks like Playwright was just installed or updated.       ║
    ║ Please run the following command to download new browsers: ║
    ║                                                            ║
    ║     npx playwright install                                 ║
    ║                                                            ║
    ║ <3 Playwright Team                                         ║
    ╚════════════════════════════════════════════════════════════╝

    Error Context: ../../test-results/visual-layout-regression-V-1e5df-ayout-changes-on-calculator-ios/error-context.md
]]>
</error>
</testcase>
<testcase name="Visual Regression: Layout Detection › should detect form alignment issues" classname="visual/layout-regression.spec.js" time="0.002">
<system-out>
<![CDATA[
[[ATTACHMENT|visual-layout-regression-V-d326c-etect-form-alignment-issues-ios/error-context.md]]
]]>
</system-out>
<error message="browserType.launch: Executable doesn&apos;t exist at /opt/pw-browsers/webkit-2272/pw_run.sh" type="Error">
<![CDATA[  [ios] › visual/layout-regression.spec.js:46:3 › Visual Regression: Layout Detection › should detect form alignment issues 

    Error: browserType.launch: Executable doesn't exist at /opt/pw-browsers/webkit-2272/pw_run.sh
    ╔════════════════════════════════════════════════════════════╗
    ║ Looks like Playwright was just installed or updated.       ║
    ║ Please run the following command to download new browsers: ║
    ║                                                            ║
    ║     npx playwright install                                 ║
    ║                                                            ║
    ║ <3 Playwright Team                                         ║
    ╚════════════════════════════════════════════════════════════╝

    Error Context: ../../test-results/visual-layout-regression-V-d326c-etect-form-alignment-issues-ios/error-context.md
]]>
</error>
</testcase>
<testcase name="Visual Regression: Layout Detection › should detect color or style changes" classname="visual/layout-regression.spec.js" time="0.002">
<system-out>
<![CDATA[
[[ATTACHMENT|visual-layout-regression-V-45f57-tect-color-or-style-changes-ios/error-context.md]]
]]>
</system-out>
<error message="browserType.launch: Executable doesn&apos;t exist at /opt/pw-browsers/webkit-2272/pw_run.sh" type="Error">
<![CDATA[  [ios] › visual/layout-regression.spec.js:66:3 › Visual Regression: Layout Detection › should detect color or style changes 

    Error: browserType.launch: Executable doesn't exist at /opt/pw-browsers/webkit-2272/pw_run.sh
    ╔════════════════════════════════════════════════════════════╗
    ║ Looks like Playwright was just installed or updated.       ║
    ║ Please run the following command to download new browsers: ║
    ║                                                            ║
    ║     npx playwright install                                 ║
    ║                                                            ║
    ║ <3 Playwright Team                                         ║
    ╚════════════════════════════════════════════════════════════╝

    Error Context: ../../test-results/visual-layout-regression-V-45f57-tect-color-or-style-changes-ios/error-context.md
]]>
</error>
</testcase>
<testcase name="Visual Regression: Layout Detection › should detect responsive layout shifts" classname="visual/layout-regression.spec.js" time="0.002">
<system-out>
<![CDATA[
[[ATTACHMENT|visual-layout-regression-V-1d230-ct-responsive-layout-shifts-ios/error-context.md]]
]]>
</system-out>
<error message="browserType.launch: Executable doesn&apos;t exist at /opt/pw-browsers/webkit-2272/pw_run.sh" type="Error">
<![CDATA[  [ios] › visual/layout-regression.spec.js:74:3 › Visual Regression: Layout Detection › should detect responsive layout shifts 

    Error: browserType.launch: Executable doesn't exist at /opt/pw-browsers/webkit-2272/pw_run.sh
    ╔════════════════════════════════════════════════════════════╗
    ║ Looks like Playwright was just installed or updated.       ║
    ║ Please run the following command to download new browsers: ║
    ║                                                            ║
    ║     npx playwright install                                 ║
    ║                                                            ║
    ║ <3 Playwright Team                                         ║
    ╚════════════════════════════════════════════════════════════╝

    Error Context: ../../test-results/visual-layout-regression-V-1d230-ct-responsive-layout-shifts-ios/error-context.md
]]>
</error>
</testcase>
<testcase name="Visual Regression: Layout Detection › should detect spacing changes" classname="visual/layout-regression.spec.js" time="0.002">
<system-out>
<![CDATA[
[[ATTACHMENT|visual-layout-regression-V-3d52a-ould-detect-spacing-changes-ios/error-context.md]]
]]>
</system-out>
<error message="browserType.launch: Executable doesn&apos;t exist at /opt/pw-browsers/webkit-2272/pw_run.sh" type="Error">
<![CDATA[  [ios] › visual/layout-regression.spec.js:84:3 › Visual Regression: Layout Detection › should detect spacing changes 

    Error: browserType.launch: Executable doesn't exist at /opt/pw-browsers/webkit-2272/pw_run.sh
    ╔════════════════════════════════════════════════════════════╗
    ║ Looks like Playwright was just installed or updated.       ║
    ║ Please run the following command to download new browsers: ║
    ║                                                            ║
    ║     npx playwright install                                 ║
    ║                                                            ║
    ║ <3 Playwright Team                                         ║
    ╚════════════════════════════════════════════════════════════╝

    Error Context: ../../test-results/visual-layout-regression-V-3d52a-ould-detect-spacing-changes-ios/error-context.md
]]>
</error>
</testcase>
</testsuite>
</testsuites>